#
# A fatal error has been detected by the Java Runtime Environment:
#
#  SIGSEGV (0xb) at pc=0x00007f50fe273ce6, pid=2197, tid=2204
#
# JRE version: OpenJDK Runtime Environment JBR-11.0.10.9-1341.35-dcevm (11.0.10+9) (build 11.0.10+9-b1341.35)
# Java VM: Dynamic Code Evolution 64-Bit Server VM JBR-11.0.10.9-1341.35-dcevm (11.0.10+9-b1341.35, mixed mode, tiered, compressed oops, concurrent mark sweep gc, linux-amd64)
# Problematic frame:
# C  [libjimage.so+0x3ce6]  ImageDecompressor::decompress_resource(unsigned char*, unsigned char*, unsigned long long, ImageStrings const*, Endian*)+0x26
#
# Core dump will be written. Default location: Core dumps may be processed with "/usr/share/apport/apport %p %s %c %d %P %E" (or dumping to /home/student/core.2197)
#
# If you would like to submit a bug report, please visit:
#   https://bugreport.java.com/bugreport/crash.jsp
#

---------------  S U M M A R Y ------------

Command Line: -Xms128m -Xmx750m -XX:ReservedCodeCacheSize=512m -XX:+UseConcMarkSweepGC -XX:SoftRefLRUPolicyMSPerMB=50 -XX:CICompilerCount=2 -XX:+HeapDumpOnOutOfMemoryError -XX:-OmitStackTraceInFastThrow -ea -Dsun.io.useCanonCaches=false -Djdk.http.auth.tunneling.disabledSchemes="" -Djdk.attach.allowAttachSelf=true -Djdk.module.illegalAccess.silent=true -Dkotlinx.coroutines.debug=off -Dsun.tools.attach.tmp.only=true -XX:ErrorFile=/home/student/java_error_in_idea_%p.log -XX:HeapDumpPath=/home/student/java_error_in_idea_.hprof -Didea.vendor.name=JetBrains -Didea.paths.selector=IdeaIC2021.1 -Djb.vmOptionsFile=/home/student/.config/JetBrains/IdeaIC2021.1/idea64.vmoptions -Didea.platform.prefix=Idea -Didea.jre.check=true com.intellij.idea.Main

Host: Intel(R) Core(TM) i5-4210U CPU @ 1.70GHz, 4 cores, 7G, Ubuntu 20.10
Time: Thu Apr 22 14:56:05 2021 EAT elapsed time: 18286.743258 seconds (0d 5h 4m 46s)

---------------  T H R E A D  ---------------

Current thread (0x00007f50f819b000):  JavaThread "Signal Dispatcher" daemon [_thread_in_vm, id=2204, stack(0x00007f50fc28f000,0x00007f50fc390000)]

Stack: [0x00007f50fc28f000,0x00007f50fc390000],  sp=0x00007f50fc38e080,  free space=1020k
Native frames: (J=compiled Java code, A=aot compiled Java code, j=interpreted, Vv=VM code, C=native code)
C  [libjimage.so+0x3ce6]  ImageDecompressor::decompress_resource(unsigned char*, unsigned char*, unsigned long long, ImageStrings const*, Endian*)+0x26
C  [libjimage.so+0x50f1]  ImageFileReader::get_resource(ImageLocation&, unsigned char*) const+0x71
C  [libjimage.so+0x536e]  ImageFileReader::get_resource(unsigned int, unsigned char*) const+0x4e
C  [libjimage.so+0x54f1]  JIMAGE_GetResource+0x11
V  [libjvm.so+0x5d457c]